


ARM Macro Assembler    Page 1 


    1 00000000         ;/*-----------------------------------------------------
                       ----------------------------------------------------*/
    2 00000000         ;/* Holtek Semiconductor Inc.                           
                                                                           */
    3 00000000         ;/*                                                     
                                                                           */
    4 00000000         ;/* Copyright (C) Holtek Semiconductor Inc.             
                                                                           */
    5 00000000         ;/* All rights reserved.                                
                                                                           */
    6 00000000         ;/*                                                     
                                                                           */
    7 00000000         ;/*-----------------------------------------------------
                       ------------------------------------------------------
    8 00000000         ;  File Name        : startup_ht32f5xxxx_01.s
    9 00000000         ;  Version          : $Rev:: 2709         $
   10 00000000         ;  Date             : $Date:: 2018-04-17 #$
   11 00000000         ;  Description      : Startup code.
   12 00000000         ;-------------------------------------------------------
                       ----------------------------------------------------*/
   13 00000000         
   14 00000000         ;  Supported Device
   15 00000000         ;  ========================================
   16 00000000         ;   HT32F52220, HT32F52230
   17 00000000         ;   HT32F52231, HT32F52241
   18 00000000         ;   HT32F52331, HT32F52341
   19 00000000         ;   HT32F52342, HT32F52352
   20 00000000         ;   HT32F52243, HT32F52253
   21 00000000         ;   HT32F0008
   22 00000000         ;   HT32F52344, HT32F52354
   23 00000000         
   24 00000000         ;/* <<< Use Configuration Wizard in Context Menu >>>    
                                                                           */
   25 00000000         
   26 00000000         ;// <o>  HT32 Device
   27 00000000         ;//      <0=> By Project Asm Define
   28 00000000         ;//      <1=> HT32F52220/30
   29 00000000         ;//      <2=> HT32F52231/41
   30 00000000         ;//      <3=> HT32F52331/41
   31 00000000         ;//      <4=> HT32F52342/52
   32 00000000         ;//      <5=> HT32F52243/53
   33 00000000         ;//      <6=> HT32F0008
   34 00000000         ;//      <9=> HT32F52344/54
   35 00000000 00000000 
                       USE_HT32_CHIP_SET
                               EQU              0
   36 00000000         
   37 00000000 FFFFFFFF 
                       _HT32FWID
                               EQU              0xFFFFFFFF
   38 00000000         ;_HT32FWID           EQU     0x00052220
   39 00000000         ;_HT32FWID           EQU     0x00052230
   40 00000000         ;_HT32FWID           EQU     0x00052231
   41 00000000         ;_HT32FWID           EQU     0x00052241
   42 00000000         ;_HT32FWID           EQU     0x00052331
   43 00000000         ;_HT32FWID           EQU     0x00052341
   44 00000000         ;_HT32FWID           EQU     0x00052342
   45 00000000         ;_HT32FWID           EQU     0x00052352
   46 00000000         ;_HT32FWID           EQU     0x00052243



ARM Macro Assembler    Page 2 


   47 00000000         ;_HT32FWID           EQU     0x00052253
   48 00000000         ;_HT32FWID           EQU     0x00000008
   49 00000000         ;_HT32FWID           EQU     0x00052344
   50 00000000         ;_HT32FWID           EQU     0x00052354
   51 00000000         
   52 00000000 00000001 
                       HT32F52220_30
                               EQU              1
   53 00000000 00000002 
                       HT32F52231_41
                               EQU              2
   54 00000000 00000003 
                       HT32F52331_41
                               EQU              3
   55 00000000 00000004 
                       HT32F52342_52
                               EQU              4
   56 00000000 00000005 
                       HT32F52243_53
                               EQU              5
   57 00000000 00000006 
                       HT32F0008
                               EQU              6
   58 00000000 00000009 
                       HT32F52344_54
                               EQU              9
   59 00000000         
   60 00000000                 IF               USE_HT32_CHIP_SET=0
   61 00000000                 ELSE
   63                          ENDIF
   64 00000000         
   65 00000000         ; Amount of memory (in bytes) allocated for Stack and He
                       ap
   66 00000000         ; Tailor those values to your application needs
   67 00000000         ;//   <o> Stack Size (in Bytes, must 8 byte aligned) <0-
                       16384:8>
   68 00000000 00000200 
                       Stack_Size
                               EQU              512
   69 00000000         
   70 00000000                 AREA             STACK, NOINIT, READWRITE, ALIGN
 = 3
   71 00000000         Stack_Mem
                               SPACE            Stack_Size
   72 00000200         __initial_sp
   73 00000200         
   74 00000200         ;//   <o>  Heap Size (in Bytes) <0-16384:8>
   75 00000200 00000000 
                       Heap_Size
                               EQU              0
   76 00000200         
   77 00000200                 AREA             HEAP, NOINIT, READWRITE, ALIGN 
= 3
   78 00000000         __heap_base
   79 00000000         Heap_Mem
                               SPACE            Heap_Size
   80 00000000         __heap_limit
   81 00000000         
   82 00000000                 PRESERVE8



ARM Macro Assembler    Page 3 


   83 00000000                 THUMB
   84 00000000         
   85 00000000         ;*******************************************************
                       ************************
   86 00000000         ; Fill-up the Vector Table entries with the exceptions I
                       SR address
   87 00000000         ;*******************************************************
                       ************************
   88 00000000                 AREA             RESET, CODE, READONLY
   89 00000000                 EXPORT           __Vectors
   90 00000000 FFFFFFFF 
                       _RESERVED
                               EQU              0xFFFFFFFF
   91 00000000         __Vectors
   92 00000000 00000000        DCD              __initial_sp ; ---, 00, 0x000, 
                                                            Top address of Stac
                                                            k
   93 00000004 00000000        DCD              Reset_Handler ; ---, 01, 0x004,
                                                             Reset Handler
   94 00000008 00000000        DCD              NMI_Handler ; -14, 02, 0x008, N
                                                            MI Handler
   95 0000000C 00000000        DCD              HardFault_Handler ; -13, 03, 0x
                                                            00C, Hard Fault Han
                                                            dler
   96 00000010 FFFFFFFF        DCD              _RESERVED   ; ---, 04, 0x010, R
                                                            eserved
   97 00000014 FFFFFFFF        DCD              _RESERVED   ; ---, 05, 0x014, R
                                                            eserved
   98 00000018 FFFFFFFF        DCD              _RESERVED   ; ---, 06, 0x018, R
                                                            eserved
   99 0000001C FFFFFFFF        DCD              _RESERVED   ; ---, 07, 0x01C, R
                                                            eserved
  100 00000020 FFFFFFFF        DCD              _HT32FWID   ; ---, 08, 0x020, R
                                                            eserved
  101 00000024 FFFFFFFF        DCD              _RESERVED   ; ---, 09, 0x024, R
                                                            eserved
  102 00000028 FFFFFFFF        DCD              _RESERVED   ; ---, 10, 0x028, R
                                                            eserved
  103 0000002C 00000000        DCD              SVC_Handler ; -05, 11, 0x02C, S
                                                            VC Handler
  104 00000030 FFFFFFFF        DCD              _RESERVED   ; ---, 12, 0x030, R
                                                            eserved
  105 00000034 FFFFFFFF        DCD              _RESERVED   ; ---, 13, 0x034, R
                                                            eserved
  106 00000038 00000000        DCD              PendSV_Handler ; -02, 14, 0x038
                                                            , PendSV Handler
  107 0000003C 00000000        DCD              SysTick_Handler ; -01, 15, 0x03
                                                            C, SysTick Handler
  108 00000040         
  109 00000040         ; External Interrupt Handler
  110 00000040 00000000        DCD              LVD_BOD_IRQHandler 
                                                            ;  00, 16, 0x040,
  111 00000044                 IF               (USE_HT32_CHIP=HT32F52220_30)
  114 00000044 00000000        DCD              RTC_IRQHandler 
                                                            ;  01, 17, 0x044,
  115 00000048                 ENDIF
  116 00000048 00000000        DCD              FLASH_IRQHandler 
                                                            ;  02, 18, 0x048,
  117 0000004C 00000000        DCD              EVWUP_IRQHandler 



ARM Macro Assembler    Page 4 


                                                            ;  03, 19, 0x04C,
  118 00000050 00000000        DCD              EXTI0_1_IRQHandler 
                                                            ;  04, 20, 0x050,
  119 00000054 00000000        DCD              EXTI2_3_IRQHandler 
                                                            ;  05, 21, 0x054,
  120 00000058 00000000        DCD              EXTI4_15_IRQHandler 
                                                            ;  06, 22, 0x058,
  121 0000005C                 IF               (USE_HT32_CHIP=HT32F52342_52) |
| (USE_HT32_CHIP=HT32F52344_54)
  122 0000005C 00000000        DCD              COMP_IRQHandler 
                                                            ;  07, 23, 0x05C,
  123 00000060                 ELSE
  125                          ENDIF
  126 00000060                 IF               (USE_HT32_CHIP=HT32F0008)
  129 00000060 00000000        DCD              ADC_IRQHandler 
                                                            ;  08, 24, 0x060,
  130 00000064                 ENDIF
  131 00000064                 IF               (USE_HT32_CHIP=HT32F52243_53)
  134 00000064 FFFFFFFF        DCD              _RESERVED   ;  09, 25, 0x064,
  135 00000068                 ENDIF
  136 00000068                 IF               (USE_HT32_CHIP=HT32F52220_30) |
| (USE_HT32_CHIP=HT32F0008)
  139 00000068 00000000        DCD              MCTM0_IRQHandler 
                                                            ;  10, 26, 0x068,
  140 0000006C                 ENDIF
  141 0000006C                 IF               (USE_HT32_CHIP=HT32F52342_52)
  142 0000006C 00000000        DCD              GPTM1_IRQHandler 
                                                            ;  11, 27, 0x06C,
  143 00000070                 ELSE
  145                          ENDIF
  146 00000070 00000000        DCD              GPTM0_IRQHandler 
                                                            ;  12, 28, 0x070,
  147 00000074                 IF               (USE_HT32_CHIP=HT32F0008)
  151 00000074 00000000        DCD              SCTM0_IRQHandler 
                                                            ;  13, 29, 0x074,
  152 00000078 00000000        DCD              SCTM1_IRQHandler 
                                                            ;  14, 30, 0x078,
  153 0000007C                 ENDIF
  154 0000007C                 IF               (USE_HT32_CHIP=HT32F52231_41) |
| (USE_HT32_CHIP=HT32F52331_41) || (USE_HT32_CHIP=HT32F52243_53)
  157                          ENDIF
  158 0000007C                 IF               (USE_HT32_CHIP=HT32F0008)
  161                          ENDIF
  162 0000007C                 IF               (USE_HT32_CHIP=HT32F52220_30) |
| (USE_HT32_CHIP=HT32F52342_52) || (USE_HT32_CHIP=HT32F52344_54)
  163 0000007C FFFFFFFF        DCD              _RESERVED   ;  15, 31, 0x07C,
  164 00000080 FFFFFFFF        DCD              _RESERVED   ;  16, 32, 0x080,
  165 00000084                 ENDIF
  166 00000084 00000000        DCD              BFTM0_IRQHandler 
                                                            ;  17, 33, 0x084,
  167 00000088                 IF               (USE_HT32_CHIP=HT32F52220_30)
  170 00000088 00000000        DCD              BFTM1_IRQHandler 
                                                            ;  18, 34, 0x088,
  171 0000008C                 ENDIF
  172 0000008C 00000000        DCD              I2C0_IRQHandler 
                                                            ;  19, 35, 0x08C,
  173 00000090                 IF               (USE_HT32_CHIP=HT32F52220_30) |
| (USE_HT32_CHIP=HT32F0008) || (USE_HT32_CHIP=HT32F52344_54)
  176 00000090 00000000        DCD              I2C1_IRQHandler 



ARM Macro Assembler    Page 5 


                                                            ;  20, 36, 0x090,
  177 00000094                 ENDIF
  178 00000094 00000000        DCD              SPI0_IRQHandler 
                                                            ;  21, 37, 0x094,
  179 00000098                 IF               (USE_HT32_CHIP=HT32F52220_30) |
| (USE_HT32_CHIP=HT32F0008)
  182 00000098 00000000        DCD              SPI1_IRQHandler 
                                                            ;  22, 38, 0x098,
  183 0000009C                 ENDIF
  184 0000009C                 IF               (USE_HT32_CHIP=HT32F52344_54)
  187 0000009C 00000000        DCD              USART0_IRQHandler 
                                                            ;  23, 39, 0x09C,
  188 000000A0                 ENDIF
  189 000000A0                 IF               (USE_HT32_CHIP=HT32F52342_52) |
| (USE_HT32_CHIP=HT32F52243_53)
  190 000000A0 00000000        DCD              USART1_IRQHandler 
                                                            ;  24, 40, 0x0A0,
  191 000000A4                 ELSE
  193                          ENDIF
  194 000000A4 00000000        DCD              UART0_IRQHandler 
                                                            ;  25, 41, 0x0A4,
  195 000000A8                 IF               (USE_HT32_CHIP=HT32F52220_30) |
| (USE_HT32_CHIP=HT32F0008)
  198 000000A8 00000000        DCD              UART1_IRQHandler 
                                                            ;  26, 42, 0x0A8,
  199 000000AC                 ENDIF
  200 000000AC                 IF               (USE_HT32_CHIP=HT32F52331_41) |
| (USE_HT32_CHIP=HT32F52342_52)
  201 000000AC 00000000        DCD              SCI_IRQHandler 
                                                            ;  27, 43, 0x0AC,
  202 000000B0                 ENDIF
  203 000000B0                 IF               (USE_HT32_CHIP=HT32F52243_53)
  205                          ENDIF
  206 000000B0                 IF               (USE_HT32_CHIP=HT32F0008) || (U
SE_HT32_CHIP=HT32F52344_54)
  208                          ENDIF
  209 000000B0                 IF               (USE_HT32_CHIP=HT32F52342_52)
  210 000000B0 00000000        DCD              I2S_IRQHandler 
                                                            ;  28, 44, 0x0B0,
  211 000000B4                 ENDIF
  212 000000B4                 IF               (USE_HT32_CHIP=HT32F52331_41) |
| (USE_HT32_CHIP=HT32F52344_54)
  214                          ENDIF
  215 000000B4                 IF               (USE_HT32_CHIP=HT32F52243_53)
  217                          ENDIF
  218 000000B4                 IF               (USE_HT32_CHIP=HT32F0008)
  220                          ENDIF
  221 000000B4                 IF               (USE_HT32_CHIP=HT32F52331_41) |
| (USE_HT32_CHIP=HT32F52342_52) || (USE_HT32_CHIP=HT32F0008) || (USE_HT32_CHIP=
HT32F52344_54)
  222 000000B4 00000000        DCD              USB_IRQHandler 
                                                            ;  29, 45, 0x0B4,
  223 000000B8                 ENDIF
  224 000000B8                 IF               (USE_HT32_CHIP=HT32F52243_53)
  226                          ENDIF
  227 000000B8                 IF               (USE_HT32_CHIP=HT32F52342_52) |
| (USE_HT32_CHIP=HT32F52243_53) || (USE_HT32_CHIP=HT32F0008) || (USE_HT32_CHIP=
HT32F52344_54)
  228 000000B8 00000000        DCD              PDMA_CH0_1_IRQHandler 



ARM Macro Assembler    Page 6 


                                                            ;  30, 46, 0x0B8,
  229 000000BC 00000000        DCD              PDMA_CH2_5_IRQHandler 
                                                            ;  31, 47, 0x0BC,
  230 000000C0                 ENDIF
  231 000000C0         
  232 000000C0         ; Reset handler routine
  233 000000C0         Reset_Handler
                               PROC
  234 000000C0                 EXPORT           Reset_Handler                  
 [WEAK]
  235 000000C0                 IMPORT           SystemInit
  236 000000C0                 IMPORT           __main
  237 000000C0 4810            LDR              R0, =BootProcess
  238 000000C2 4780            BLX              R0
  239 000000C4 4810            LDR              R0, =SystemInit
  240 000000C6 4780            BLX              R0
  241 000000C8 4810            LDR              R0, =__main
  242 000000CA 4700            BX               R0
  243 000000CC                 ENDP
  244 000000CC         
  245 000000CC         BootProcess
                               PROC
  246 000000CC 4810            LDR              R0, =0x40080300
  247 000000CE 6901            LDR              R1,[R0, #0x10]
  248 000000D0 2900            CMP              R1, #0
  249 000000D2 D110            BNE              SysStart
  250 000000D4 6941            LDR              R1,[R0, #0x14]
  251 000000D6 2900            CMP              R1, #0
  252 000000D8 D10D            BNE              SysStart
  253 000000DA 6981            LDR              R1,[R0, #0x18]
  254 000000DC 2900            CMP              R1, #0
  255 000000DE D10A            BNE              SysStart
  256 000000E0 69C1            LDR              R1,[R0, #0x1C]
  257 000000E2 2900            CMP              R1, #0
  258 000000E4 D107            BNE              SysStart
  259 000000E6 F3BF 8F4F       DSB
  260 000000EA 490A            LDR              R1, =0xe000ed00
  261 000000EC 480A            LDR              R0, =0x05fa0004
  262 000000EE 60C8            STR              R0, [R1, #0xC]
  263 000000F0 F3BF 8F4F       DSB
  264 000000F4 E7FE            B                .
  265 000000F6 4770    SysStart
                               BX               LR
  266 000000F8                 ENDP
  267 000000F8         
  268 000000F8         ; Dummy Exception Handlers
  269 000000F8         NMI_Handler
                               PROC
  270 000000F8                 EXPORT           NMI_Handler                    
 [WEAK]
  271 000000F8 E7FE            B                .
  272 000000FA                 ENDP
  273 000000FA         
  274 000000FA         HardFault_Handler
                               PROC
  275 000000FA                 EXPORT           HardFault_Handler              
 [WEAK]
  276 000000FA E7FE            B                .
  277 000000FC                 ENDP



ARM Macro Assembler    Page 7 


  278 000000FC         
  279 000000FC         SVC_Handler
                               PROC
  280 000000FC                 EXPORT           SVC_Handler                    
 [WEAK]
  281 000000FC E7FE            B                .
  282 000000FE                 ENDP
  283 000000FE         
  284 000000FE         PendSV_Handler
                               PROC
  285 000000FE                 EXPORT           PendSV_Handler                 
 [WEAK]
  286 000000FE E7FE            B                .
  287 00000100                 ENDP
  288 00000100         
  289 00000100         SysTick_Handler
                               PROC
  290 00000100                 EXPORT           SysTick_Handler                
 [WEAK]
  291 00000100 E7FE            B                .
  292 00000102                 ENDP
  293 00000102         
  294 00000102         Default_Handler
                               PROC
  295 00000102                 EXPORT           LVD_BOD_IRQHandler             
 [WEAK]
  296 00000102                 EXPORT           RTC_IRQHandler                 
 [WEAK]
  297 00000102                 EXPORT           FLASH_IRQHandler               
 [WEAK]
  298 00000102                 EXPORT           EVWUP_IRQHandler               
 [WEAK]
  299 00000102                 EXPORT           EXTI0_1_IRQHandler             
 [WEAK]
  300 00000102                 EXPORT           EXTI2_3_IRQHandler             
 [WEAK]
  301 00000102                 EXPORT           EXTI4_15_IRQHandler            
 [WEAK]
  302 00000102                 EXPORT           COMP_IRQHandler                
 [WEAK]
  303 00000102                 EXPORT           ADC_IRQHandler                 
 [WEAK]
  304 00000102                 EXPORT           MCTM0_IRQHandler               
 [WEAK]
  305 00000102                 EXPORT           GPTM1_IRQHandler               
 [WEAK]
  306 00000102                 EXPORT           GPTM0_IRQHandler               
 [WEAK]
  307 00000102                 EXPORT           SCTM0_IRQHandler               
 [WEAK]
  308 00000102                 EXPORT           SCTM1_IRQHandler               
 [WEAK]
  309 00000102                 EXPORT           SCTM2_IRQHandler               
 [WEAK]
  310 00000102                 EXPORT           SCTM3_IRQHandler               
 [WEAK]
  311 00000102                 EXPORT           PWM0_IRQHandler                
 [WEAK]
  312 00000102                 EXPORT           PWM1_IRQHandler                



ARM Macro Assembler    Page 8 


 [WEAK]
  313 00000102                 EXPORT           BFTM0_IRQHandler               
 [WEAK]
  314 00000102                 EXPORT           BFTM1_IRQHandler               
 [WEAK]
  315 00000102                 EXPORT           I2C0_IRQHandler                
 [WEAK]
  316 00000102                 EXPORT           I2C1_IRQHandler                
 [WEAK]
  317 00000102                 EXPORT           SPI0_IRQHandler                
 [WEAK]
  318 00000102                 EXPORT           SPI1_IRQHandler                
 [WEAK]
  319 00000102                 EXPORT           USART0_IRQHandler              
 [WEAK]
  320 00000102                 EXPORT           USART1_IRQHandler              
 [WEAK]
  321 00000102                 EXPORT           UART0_IRQHandler               
 [WEAK]
  322 00000102                 EXPORT           UART1_IRQHandler               
 [WEAK]
  323 00000102                 EXPORT           UART2_IRQHandler               
 [WEAK]
  324 00000102                 EXPORT           UART3_IRQHandler               
 [WEAK]
  325 00000102                 EXPORT           SCI_IRQHandler                 
 [WEAK]
  326 00000102                 EXPORT           I2S_IRQHandler                 
 [WEAK]
  327 00000102                 EXPORT           AES_IRQHandler                 
 [WEAK]
  328 00000102                 EXPORT           USB_IRQHandler                 
 [WEAK]
  329 00000102                 EXPORT           PDMA_CH0_1_IRQHandler          
 [WEAK]
  330 00000102                 EXPORT           PDMA_CH2_5_IRQHandler          
 [WEAK]
  331 00000102         
  332 00000102         LVD_BOD_IRQHandler
  333 00000102         RTC_IRQHandler
  334 00000102         FLASH_IRQHandler
  335 00000102         EVWUP_IRQHandler
  336 00000102         EXTI0_1_IRQHandler
  337 00000102         EXTI2_3_IRQHandler
  338 00000102         EXTI4_15_IRQHandler
  339 00000102         COMP_IRQHandler
  340 00000102         ADC_IRQHandler
  341 00000102         MCTM0_IRQHandler
  342 00000102         GPTM1_IRQHandler
  343 00000102         GPTM0_IRQHandler
  344 00000102         SCTM0_IRQHandler
  345 00000102         SCTM1_IRQHandler
  346 00000102         SCTM2_IRQHandler
  347 00000102         SCTM3_IRQHandler
  348 00000102         PWM0_IRQHandler
  349 00000102         PWM1_IRQHandler
  350 00000102         BFTM0_IRQHandler
  351 00000102         BFTM1_IRQHandler
  352 00000102         I2C0_IRQHandler



ARM Macro Assembler    Page 9 


  353 00000102         I2C1_IRQHandler
  354 00000102         I2C2_IRQHandler
  355 00000102         SPI0_IRQHandler
  356 00000102         SPI1_IRQHandler
  357 00000102         USART0_IRQHandler
  358 00000102         USART1_IRQHandler
  359 00000102         UART0_IRQHandler
  360 00000102         UART1_IRQHandler
  361 00000102         UART2_IRQHandler
  362 00000102         UART3_IRQHandler
  363 00000102         SCI_IRQHandler
  364 00000102         I2S_IRQHandler
  365 00000102         AES_IRQHandler
  366 00000102         USB_IRQHandler
  367 00000102         PDMA_CH0_1_IRQHandler
  368 00000102         PDMA_CH2_5_IRQHandler
  369 00000102 E7FE            B                .
  370 00000104                 ENDP
  371 00000104         
  372 00000104                 ALIGN
  373 00000104         
  374 00000104         ;*******************************************************
                       ************************
  375 00000104         ; User Stack and Heap initialization
  376 00000104         ;*******************************************************
                       ************************
  377 00000104                 IF               :DEF:__MICROLIB
  378 00000104         
  379 00000104                 EXPORT           __initial_sp
  380 00000104                 EXPORT           __heap_base
  381 00000104                 EXPORT           __heap_limit
  382 00000104         
  383 00000104                 ELSE
  397                          ENDIF
  398 00000104         
  399 00000104                 END
              00000000 
              00000000 
              00000000 
              40080300 
              E000ED00 
              05FA0004 
Command Line: --debug --xref --cpu=Cortex-M0+ --apcs=interwork --depend=.\ht32\
52352\obj\startup_ht32f5xxxx_01.d -o.\ht32\52352\obj\startup_ht32f5xxxx_01.o -I
C:\Users\88691\Desktop\¹êÅç«Ç\½d¨Òcode\ESK32-30501\3_USART\1_Polling\MDK_ARMv5\
RTE -IC:\Keil_v5\ARM\PACK\Holtek\HT32_DFP\1.0.25 -IC:\Keil_v5\ARM\CMSIS\Include
 --predefine="__EVAL SETA 1" --predefine="__MICROLIB SETA 1" --predefine="__UVI
SION_VERSION SETA 513" --predefine="USE_HT32F52342_52 SETA 1" --predefine="USE_
HT32_CHIP SETA 4" --list=.\ht32\52352\list\startup_ht32f5xxxx_01.lst startup_ht
32f5xxxx_01.s



ARM Macro Assembler    Page 1 Alphabetic symbol ordering
Relocatable symbols

STACK 00000000

Symbol: STACK
   Definitions
      At line 70 in file startup_ht32f5xxxx_01.s
   Uses
      None
Comment: STACK unused
Stack_Mem 00000000

Symbol: Stack_Mem
   Definitions
      At line 71 in file startup_ht32f5xxxx_01.s
   Uses
      None
Comment: Stack_Mem unused
__initial_sp 00000200

Symbol: __initial_sp
   Definitions
      At line 72 in file startup_ht32f5xxxx_01.s
   Uses
      At line 92 in file startup_ht32f5xxxx_01.s
      At line 379 in file startup_ht32f5xxxx_01.s

3 symbols



ARM Macro Assembler    Page 1 Alphabetic symbol ordering
Relocatable symbols

HEAP 00000000

Symbol: HEAP
   Definitions
      At line 77 in file startup_ht32f5xxxx_01.s
   Uses
      None
Comment: HEAP unused
Heap_Mem 00000000

Symbol: Heap_Mem
   Definitions
      At line 79 in file startup_ht32f5xxxx_01.s
   Uses
      None
Comment: Heap_Mem unused
__heap_base 00000000

Symbol: __heap_base
   Definitions
      At line 78 in file startup_ht32f5xxxx_01.s
   Uses
      At line 380 in file startup_ht32f5xxxx_01.s
Comment: __heap_base used once
__heap_limit 00000000

Symbol: __heap_limit
   Definitions
      At line 80 in file startup_ht32f5xxxx_01.s
   Uses
      At line 381 in file startup_ht32f5xxxx_01.s
Comment: __heap_limit used once
4 symbols



ARM Macro Assembler    Page 1 Alphabetic symbol ordering
Relocatable symbols

ADC_IRQHandler 00000102

Symbol: ADC_IRQHandler
   Definitions
      At line 340 in file startup_ht32f5xxxx_01.s
   Uses
      At line 129 in file startup_ht32f5xxxx_01.s
      At line 303 in file startup_ht32f5xxxx_01.s

AES_IRQHandler 00000102

Symbol: AES_IRQHandler
   Definitions
      At line 365 in file startup_ht32f5xxxx_01.s
   Uses
      At line 327 in file startup_ht32f5xxxx_01.s
Comment: AES_IRQHandler used once
BFTM0_IRQHandler 00000102

Symbol: BFTM0_IRQHandler
   Definitions
      At line 350 in file startup_ht32f5xxxx_01.s
   Uses
      At line 166 in file startup_ht32f5xxxx_01.s
      At line 313 in file startup_ht32f5xxxx_01.s

BFTM1_IRQHandler 00000102

Symbol: BFTM1_IRQHandler
   Definitions
      At line 351 in file startup_ht32f5xxxx_01.s
   Uses
      At line 170 in file startup_ht32f5xxxx_01.s
      At line 314 in file startup_ht32f5xxxx_01.s

BootProcess 000000CC

Symbol: BootProcess
   Definitions
      At line 245 in file startup_ht32f5xxxx_01.s
   Uses
      At line 237 in file startup_ht32f5xxxx_01.s
Comment: BootProcess used once
COMP_IRQHandler 00000102

Symbol: COMP_IRQHandler
   Definitions
      At line 339 in file startup_ht32f5xxxx_01.s
   Uses
      At line 122 in file startup_ht32f5xxxx_01.s
      At line 302 in file startup_ht32f5xxxx_01.s

Default_Handler 00000102

Symbol: Default_Handler
   Definitions
      At line 294 in file startup_ht32f5xxxx_01.s
   Uses
      None



ARM Macro Assembler    Page 2 Alphabetic symbol ordering
Relocatable symbols

Comment: Default_Handler unused
EVWUP_IRQHandler 00000102

Symbol: EVWUP_IRQHandler
   Definitions
      At line 335 in file startup_ht32f5xxxx_01.s
   Uses
      At line 117 in file startup_ht32f5xxxx_01.s
      At line 298 in file startup_ht32f5xxxx_01.s

EXTI0_1_IRQHandler 00000102

Symbol: EXTI0_1_IRQHandler
   Definitions
      At line 336 in file startup_ht32f5xxxx_01.s
   Uses
      At line 118 in file startup_ht32f5xxxx_01.s
      At line 299 in file startup_ht32f5xxxx_01.s

EXTI2_3_IRQHandler 00000102

Symbol: EXTI2_3_IRQHandler
   Definitions
      At line 337 in file startup_ht32f5xxxx_01.s
   Uses
      At line 119 in file startup_ht32f5xxxx_01.s
      At line 300 in file startup_ht32f5xxxx_01.s

EXTI4_15_IRQHandler 00000102

Symbol: EXTI4_15_IRQHandler
   Definitions
      At line 338 in file startup_ht32f5xxxx_01.s
   Uses
      At line 120 in file startup_ht32f5xxxx_01.s
      At line 301 in file startup_ht32f5xxxx_01.s

FLASH_IRQHandler 00000102

Symbol: FLASH_IRQHandler
   Definitions
      At line 334 in file startup_ht32f5xxxx_01.s
   Uses
      At line 116 in file startup_ht32f5xxxx_01.s
      At line 297 in file startup_ht32f5xxxx_01.s

GPTM0_IRQHandler 00000102

Symbol: GPTM0_IRQHandler
   Definitions
      At line 343 in file startup_ht32f5xxxx_01.s
   Uses
      At line 146 in file startup_ht32f5xxxx_01.s
      At line 306 in file startup_ht32f5xxxx_01.s

GPTM1_IRQHandler 00000102

Symbol: GPTM1_IRQHandler
   Definitions



ARM Macro Assembler    Page 3 Alphabetic symbol ordering
Relocatable symbols

      At line 342 in file startup_ht32f5xxxx_01.s
   Uses
      At line 142 in file startup_ht32f5xxxx_01.s
      At line 305 in file startup_ht32f5xxxx_01.s

HardFault_Handler 000000FA

Symbol: HardFault_Handler
   Definitions
      At line 274 in file startup_ht32f5xxxx_01.s
   Uses
      At line 95 in file startup_ht32f5xxxx_01.s
      At line 275 in file startup_ht32f5xxxx_01.s

I2C0_IRQHandler 00000102

Symbol: I2C0_IRQHandler
   Definitions
      At line 352 in file startup_ht32f5xxxx_01.s
   Uses
      At line 172 in file startup_ht32f5xxxx_01.s
      At line 315 in file startup_ht32f5xxxx_01.s

I2C1_IRQHandler 00000102

Symbol: I2C1_IRQHandler
   Definitions
      At line 353 in file startup_ht32f5xxxx_01.s
   Uses
      At line 176 in file startup_ht32f5xxxx_01.s
      At line 316 in file startup_ht32f5xxxx_01.s

I2C2_IRQHandler 00000102

Symbol: I2C2_IRQHandler
   Definitions
      At line 354 in file startup_ht32f5xxxx_01.s
   Uses
      None
Comment: I2C2_IRQHandler unused
I2S_IRQHandler 00000102

Symbol: I2S_IRQHandler
   Definitions
      At line 364 in file startup_ht32f5xxxx_01.s
   Uses
      At line 210 in file startup_ht32f5xxxx_01.s
      At line 326 in file startup_ht32f5xxxx_01.s

LVD_BOD_IRQHandler 00000102

Symbol: LVD_BOD_IRQHandler
   Definitions
      At line 332 in file startup_ht32f5xxxx_01.s
   Uses
      At line 110 in file startup_ht32f5xxxx_01.s
      At line 295 in file startup_ht32f5xxxx_01.s

MCTM0_IRQHandler 00000102



ARM Macro Assembler    Page 4 Alphabetic symbol ordering
Relocatable symbols


Symbol: MCTM0_IRQHandler
   Definitions
      At line 341 in file startup_ht32f5xxxx_01.s
   Uses
      At line 139 in file startup_ht32f5xxxx_01.s
      At line 304 in file startup_ht32f5xxxx_01.s

NMI_Handler 000000F8

Symbol: NMI_Handler
   Definitions
      At line 269 in file startup_ht32f5xxxx_01.s
   Uses
      At line 94 in file startup_ht32f5xxxx_01.s
      At line 270 in file startup_ht32f5xxxx_01.s

PDMA_CH0_1_IRQHandler 00000102

Symbol: PDMA_CH0_1_IRQHandler
   Definitions
      At line 367 in file startup_ht32f5xxxx_01.s
   Uses
      At line 228 in file startup_ht32f5xxxx_01.s
      At line 329 in file startup_ht32f5xxxx_01.s

PDMA_CH2_5_IRQHandler 00000102

Symbol: PDMA_CH2_5_IRQHandler
   Definitions
      At line 368 in file startup_ht32f5xxxx_01.s
   Uses
      At line 229 in file startup_ht32f5xxxx_01.s
      At line 330 in file startup_ht32f5xxxx_01.s

PWM0_IRQHandler 00000102

Symbol: PWM0_IRQHandler
   Definitions
      At line 348 in file startup_ht32f5xxxx_01.s
   Uses
      At line 311 in file startup_ht32f5xxxx_01.s
Comment: PWM0_IRQHandler used once
PWM1_IRQHandler 00000102

Symbol: PWM1_IRQHandler
   Definitions
      At line 349 in file startup_ht32f5xxxx_01.s
   Uses
      At line 312 in file startup_ht32f5xxxx_01.s
Comment: PWM1_IRQHandler used once
PendSV_Handler 000000FE

Symbol: PendSV_Handler
   Definitions
      At line 284 in file startup_ht32f5xxxx_01.s
   Uses
      At line 106 in file startup_ht32f5xxxx_01.s
      At line 285 in file startup_ht32f5xxxx_01.s



ARM Macro Assembler    Page 5 Alphabetic symbol ordering
Relocatable symbols


RESET 00000000

Symbol: RESET
   Definitions
      At line 88 in file startup_ht32f5xxxx_01.s
   Uses
      None
Comment: RESET unused
RTC_IRQHandler 00000102

Symbol: RTC_IRQHandler
   Definitions
      At line 333 in file startup_ht32f5xxxx_01.s
   Uses
      At line 114 in file startup_ht32f5xxxx_01.s
      At line 296 in file startup_ht32f5xxxx_01.s

Reset_Handler 000000C0

Symbol: Reset_Handler
   Definitions
      At line 233 in file startup_ht32f5xxxx_01.s
   Uses
      At line 93 in file startup_ht32f5xxxx_01.s
      At line 234 in file startup_ht32f5xxxx_01.s

SCI_IRQHandler 00000102

Symbol: SCI_IRQHandler
   Definitions
      At line 363 in file startup_ht32f5xxxx_01.s
   Uses
      At line 201 in file startup_ht32f5xxxx_01.s
      At line 325 in file startup_ht32f5xxxx_01.s

SCTM0_IRQHandler 00000102

Symbol: SCTM0_IRQHandler
   Definitions
      At line 344 in file startup_ht32f5xxxx_01.s
   Uses
      At line 151 in file startup_ht32f5xxxx_01.s
      At line 307 in file startup_ht32f5xxxx_01.s

SCTM1_IRQHandler 00000102

Symbol: SCTM1_IRQHandler
   Definitions
      At line 345 in file startup_ht32f5xxxx_01.s
   Uses
      At line 152 in file startup_ht32f5xxxx_01.s
      At line 308 in file startup_ht32f5xxxx_01.s

SCTM2_IRQHandler 00000102

Symbol: SCTM2_IRQHandler
   Definitions
      At line 346 in file startup_ht32f5xxxx_01.s



ARM Macro Assembler    Page 6 Alphabetic symbol ordering
Relocatable symbols

   Uses
      At line 309 in file startup_ht32f5xxxx_01.s
Comment: SCTM2_IRQHandler used once
SCTM3_IRQHandler 00000102

Symbol: SCTM3_IRQHandler
   Definitions
      At line 347 in file startup_ht32f5xxxx_01.s
   Uses
      At line 310 in file startup_ht32f5xxxx_01.s
Comment: SCTM3_IRQHandler used once
SPI0_IRQHandler 00000102

Symbol: SPI0_IRQHandler
   Definitions
      At line 355 in file startup_ht32f5xxxx_01.s
   Uses
      At line 178 in file startup_ht32f5xxxx_01.s
      At line 317 in file startup_ht32f5xxxx_01.s

SPI1_IRQHandler 00000102

Symbol: SPI1_IRQHandler
   Definitions
      At line 356 in file startup_ht32f5xxxx_01.s
   Uses
      At line 182 in file startup_ht32f5xxxx_01.s
      At line 318 in file startup_ht32f5xxxx_01.s

SVC_Handler 000000FC

Symbol: SVC_Handler
   Definitions
      At line 279 in file startup_ht32f5xxxx_01.s
   Uses
      At line 103 in file startup_ht32f5xxxx_01.s
      At line 280 in file startup_ht32f5xxxx_01.s

SysStart 000000F6

Symbol: SysStart
   Definitions
      At line 265 in file startup_ht32f5xxxx_01.s
   Uses
      At line 249 in file startup_ht32f5xxxx_01.s
      At line 252 in file startup_ht32f5xxxx_01.s
      At line 255 in file startup_ht32f5xxxx_01.s
      At line 258 in file startup_ht32f5xxxx_01.s

SysTick_Handler 00000100

Symbol: SysTick_Handler
   Definitions
      At line 289 in file startup_ht32f5xxxx_01.s
   Uses
      At line 107 in file startup_ht32f5xxxx_01.s
      At line 290 in file startup_ht32f5xxxx_01.s

UART0_IRQHandler 00000102



ARM Macro Assembler    Page 7 Alphabetic symbol ordering
Relocatable symbols


Symbol: UART0_IRQHandler
   Definitions
      At line 359 in file startup_ht32f5xxxx_01.s
   Uses
      At line 194 in file startup_ht32f5xxxx_01.s
      At line 321 in file startup_ht32f5xxxx_01.s

UART1_IRQHandler 00000102

Symbol: UART1_IRQHandler
   Definitions
      At line 360 in file startup_ht32f5xxxx_01.s
   Uses
      At line 198 in file startup_ht32f5xxxx_01.s
      At line 322 in file startup_ht32f5xxxx_01.s

UART2_IRQHandler 00000102

Symbol: UART2_IRQHandler
   Definitions
      At line 361 in file startup_ht32f5xxxx_01.s
   Uses
      At line 323 in file startup_ht32f5xxxx_01.s
Comment: UART2_IRQHandler used once
UART3_IRQHandler 00000102

Symbol: UART3_IRQHandler
   Definitions
      At line 362 in file startup_ht32f5xxxx_01.s
   Uses
      At line 324 in file startup_ht32f5xxxx_01.s
Comment: UART3_IRQHandler used once
USART0_IRQHandler 00000102

Symbol: USART0_IRQHandler
   Definitions
      At line 357 in file startup_ht32f5xxxx_01.s
   Uses
      At line 187 in file startup_ht32f5xxxx_01.s
      At line 319 in file startup_ht32f5xxxx_01.s

USART1_IRQHandler 00000102

Symbol: USART1_IRQHandler
   Definitions
      At line 358 in file startup_ht32f5xxxx_01.s
   Uses
      At line 190 in file startup_ht32f5xxxx_01.s
      At line 320 in file startup_ht32f5xxxx_01.s

USB_IRQHandler 00000102

Symbol: USB_IRQHandler
   Definitions
      At line 366 in file startup_ht32f5xxxx_01.s
   Uses
      At line 222 in file startup_ht32f5xxxx_01.s
      At line 328 in file startup_ht32f5xxxx_01.s



ARM Macro Assembler    Page 8 Alphabetic symbol ordering
Relocatable symbols


__Vectors 00000000

Symbol: __Vectors
   Definitions
      At line 91 in file startup_ht32f5xxxx_01.s
   Uses
      At line 89 in file startup_ht32f5xxxx_01.s
Comment: __Vectors used once
48 symbols



ARM Macro Assembler    Page 1 Alphabetic symbol ordering
Absolute symbols

HT32F0008 00000006

Symbol: HT32F0008
   Definitions
      At line 57 in file startup_ht32f5xxxx_01.s
   Uses
      At line 126 in file startup_ht32f5xxxx_01.s
      At line 136 in file startup_ht32f5xxxx_01.s
      At line 147 in file startup_ht32f5xxxx_01.s
      At line 158 in file startup_ht32f5xxxx_01.s
      At line 173 in file startup_ht32f5xxxx_01.s
      At line 179 in file startup_ht32f5xxxx_01.s
      At line 195 in file startup_ht32f5xxxx_01.s
      At line 206 in file startup_ht32f5xxxx_01.s
      At line 218 in file startup_ht32f5xxxx_01.s
      At line 221 in file startup_ht32f5xxxx_01.s
      At line 227 in file startup_ht32f5xxxx_01.s

HT32F52220_30 00000001

Symbol: HT32F52220_30
   Definitions
      At line 52 in file startup_ht32f5xxxx_01.s
   Uses
      At line 111 in file startup_ht32f5xxxx_01.s
      At line 136 in file startup_ht32f5xxxx_01.s
      At line 162 in file startup_ht32f5xxxx_01.s
      At line 167 in file startup_ht32f5xxxx_01.s
      At line 173 in file startup_ht32f5xxxx_01.s
      At line 179 in file startup_ht32f5xxxx_01.s
      At line 195 in file startup_ht32f5xxxx_01.s

HT32F52231_41 00000002

Symbol: HT32F52231_41
   Definitions
      At line 53 in file startup_ht32f5xxxx_01.s
   Uses
      At line 154 in file startup_ht32f5xxxx_01.s
Comment: HT32F52231_41 used once
HT32F52243_53 00000005

Symbol: HT32F52243_53
   Definitions
      At line 56 in file startup_ht32f5xxxx_01.s
   Uses
      At line 131 in file startup_ht32f5xxxx_01.s
      At line 154 in file startup_ht32f5xxxx_01.s
      At line 189 in file startup_ht32f5xxxx_01.s
      At line 203 in file startup_ht32f5xxxx_01.s
      At line 215 in file startup_ht32f5xxxx_01.s
      At line 224 in file startup_ht32f5xxxx_01.s
      At line 227 in file startup_ht32f5xxxx_01.s

HT32F52331_41 00000003

Symbol: HT32F52331_41
   Definitions
      At line 54 in file startup_ht32f5xxxx_01.s



ARM Macro Assembler    Page 2 Alphabetic symbol ordering
Absolute symbols

   Uses
      At line 154 in file startup_ht32f5xxxx_01.s
      At line 200 in file startup_ht32f5xxxx_01.s
      At line 212 in file startup_ht32f5xxxx_01.s
      At line 221 in file startup_ht32f5xxxx_01.s

HT32F52342_52 00000004

Symbol: HT32F52342_52
   Definitions
      At line 55 in file startup_ht32f5xxxx_01.s
   Uses
      At line 121 in file startup_ht32f5xxxx_01.s
      At line 141 in file startup_ht32f5xxxx_01.s
      At line 162 in file startup_ht32f5xxxx_01.s
      At line 189 in file startup_ht32f5xxxx_01.s
      At line 200 in file startup_ht32f5xxxx_01.s
      At line 209 in file startup_ht32f5xxxx_01.s
      At line 221 in file startup_ht32f5xxxx_01.s
      At line 227 in file startup_ht32f5xxxx_01.s

HT32F52344_54 00000009

Symbol: HT32F52344_54
   Definitions
      At line 58 in file startup_ht32f5xxxx_01.s
   Uses
      At line 121 in file startup_ht32f5xxxx_01.s
      At line 162 in file startup_ht32f5xxxx_01.s
      At line 173 in file startup_ht32f5xxxx_01.s
      At line 184 in file startup_ht32f5xxxx_01.s
      At line 206 in file startup_ht32f5xxxx_01.s
      At line 212 in file startup_ht32f5xxxx_01.s
      At line 221 in file startup_ht32f5xxxx_01.s
      At line 227 in file startup_ht32f5xxxx_01.s

Heap_Size 00000000

Symbol: Heap_Size
   Definitions
      At line 75 in file startup_ht32f5xxxx_01.s
   Uses
      At line 79 in file startup_ht32f5xxxx_01.s
Comment: Heap_Size used once
Stack_Size 00000200

Symbol: Stack_Size
   Definitions
      At line 68 in file startup_ht32f5xxxx_01.s
   Uses
      At line 71 in file startup_ht32f5xxxx_01.s
Comment: Stack_Size used once
USE_HT32_CHIP_SET 00000000

Symbol: USE_HT32_CHIP_SET
   Definitions
      At line 35 in file startup_ht32f5xxxx_01.s
   Uses
      At line 60 in file startup_ht32f5xxxx_01.s



ARM Macro Assembler    Page 3 Alphabetic symbol ordering
Absolute symbols

Comment: USE_HT32_CHIP_SET used once
_HT32FWID FFFFFFFF

Symbol: _HT32FWID
   Definitions
      At line 37 in file startup_ht32f5xxxx_01.s
   Uses
      At line 100 in file startup_ht32f5xxxx_01.s
Comment: _HT32FWID used once
_RESERVED FFFFFFFF

Symbol: _RESERVED
   Definitions
      At line 90 in file startup_ht32f5xxxx_01.s
   Uses
      At line 96 in file startup_ht32f5xxxx_01.s
      At line 97 in file startup_ht32f5xxxx_01.s
      At line 98 in file startup_ht32f5xxxx_01.s
      At line 99 in file startup_ht32f5xxxx_01.s
      At line 101 in file startup_ht32f5xxxx_01.s
      At line 102 in file startup_ht32f5xxxx_01.s
      At line 104 in file startup_ht32f5xxxx_01.s
      At line 105 in file startup_ht32f5xxxx_01.s
      At line 134 in file startup_ht32f5xxxx_01.s
      At line 163 in file startup_ht32f5xxxx_01.s
      At line 164 in file startup_ht32f5xxxx_01.s

12 symbols



ARM Macro Assembler    Page 1 Alphabetic symbol ordering
External symbols

SystemInit 00000000

Symbol: SystemInit
   Definitions
      At line 235 in file startup_ht32f5xxxx_01.s
   Uses
      At line 239 in file startup_ht32f5xxxx_01.s
Comment: SystemInit used once
__main 00000000

Symbol: __main
   Definitions
      At line 236 in file startup_ht32f5xxxx_01.s
   Uses
      At line 241 in file startup_ht32f5xxxx_01.s
Comment: __main used once
2 symbols
406 symbols in table
